#-----------------------------------------------------------
# Vivado v2018.2 (64-bit)
# SW Build 2258646 on Thu Jun 14 20:03:12 MDT 2018
# IP Build 2256618 on Thu Jun 14 22:10:49 MDT 2018
# Start of session at: Thu Mar 28 16:24:48 2019
# Process ID: 1528
# Current directory: D:/gyx_uni/2_spring/cod/lab/lab2/lab2_2
# Command line: vivado.exe -gui_launcher_event rodinguilauncherevent13552 D:\gyx_uni\2_spring\cod\lab\lab2\lab2_2\lab2_2.xpr
# Log file: D:/gyx_uni/2_spring/cod/lab/lab2/lab2_2/vivado.log
# Journal file: D:/gyx_uni/2_spring/cod/lab/lab2/lab2_2\vivado.jou
#-----------------------------------------------------------
start_gui
open_project D:/gyx_uni/2_spring/cod/lab/lab2/lab2_2/lab2_2.xpr
Scanning sources...
Finished scanning sources
INFO: [IP_Flow 19-234] Refreshing IP repositories
INFO: [IP_Flow 19-1704] No user IP repositories specified
INFO: [IP_Flow 19-2313] Loaded Vivado IP repository 'D:/xilinx/Vivado/2018.2/data/ip'.
open_project: Time (s): cpu = 00:00:11 ; elapsed = 00:00:05 . Memory (MB): peak = 858.660 ; gain = 154.066
update_compile_order -fileset sources_1
launch_simulation
INFO: [Vivado 12-5682] Launching behavioral simulation in 'D:/gyx_uni/2_spring/cod/lab/lab2/lab2_2/lab2_2.sim/sim_1/behav/xsim'
INFO: [SIM-utils-51] Simulation object is 'sim_1'
INFO: [SIM-utils-54] Inspecting design source files for 'DIV_tb' in fileset 'sim_1'...
INFO: [USF-XSim-97] Finding global include files...
INFO: [USF-XSim-98] Fetching design files from 'sim_1'...
INFO: [USF-XSim-2] XSim::Compile design
INFO: [USF-XSim-61] Executing 'COMPILE and ANALYZE' step in 'D:/gyx_uni/2_spring/cod/lab/lab2/lab2_2/lab2_2.sim/sim_1/behav/xsim'
"xvlog --incr --relax -prj DIV_tb_vlog.prj"
INFO: [USF-XSim-69] 'compile' step finished in '1' seconds
INFO: [USF-XSim-3] XSim::Elaborate design
INFO: [USF-XSim-61] Executing 'ELABORATE' step in 'D:/gyx_uni/2_spring/cod/lab/lab2/lab2_2/lab2_2.sim/sim_1/behav/xsim'
Vivado Simulator 2018.2
Copyright 1986-1999, 2001-2018 Xilinx, Inc. All Rights Reserved.
Running: D:/xilinx/Vivado/2018.2/bin/unwrapped/win64.o/xelab.exe -wto 3faf1595319d46dc9978ab21d6ff0cce --incr --debug typical --relax --mt 2 -L xil_defaultlib -L unisims_ver -L unimacro_ver -L secureip --snapshot DIV_tb_behav xil_defaultlib.DIV_tb xil_defaultlib.glbl -log elaborate.log 
Using 2 slave threads.
Starting static elaboration
Completed static elaboration
INFO: [XSIM 43-4323] No Change in HDL. Linking previously generated obj files to create kernel
INFO: [USF-XSim-69] 'elaborate' step finished in '2' seconds
INFO: [USF-XSim-4] XSim::Simulate design
INFO: [USF-XSim-61] Executing 'SIMULATE' step in 'D:/gyx_uni/2_spring/cod/lab/lab2/lab2_2/lab2_2.sim/sim_1/behav/xsim'
INFO: [USF-XSim-98] *** Running xsim
   with args "DIV_tb_behav -key {Behavioral:sim_1:Functional:DIV_tb} -tclbatch {DIV_tb.tcl} -log {simulate.log}"
INFO: [USF-XSim-8] Loading simulator feature
Vivado Simulator 2018.2
Time resolution is 1 ps
source DIV_tb.tcl
# set curr_wave [current_wave_config]
# if { [string length $curr_wave] == 0 } {
#   if { [llength [get_objects]] > 0} {
#     add_wave /
#     set_property needs_save false [current_wave_config]
#   } else {
#      send_msg_id Add_Wave-1 WARNING "No top level signals found. Simulator will start without a wave window. If you want to open a wave window go to 'File->New Waveform Configuration' or type 'create_wave_config' in the TCL console."
#   }
# }
# run 60ns
INFO: [USF-XSim-96] XSim completed. Design snapshot 'DIV_tb_behav' loaded.
INFO: [USF-XSim-97] XSim simulation ran for 60ns
launch_simulation: Time (s): cpu = 00:00:06 ; elapsed = 00:00:06 . Memory (MB): peak = 899.344 ; gain = 20.371
close_sim
INFO: [Simtcl 6-16] Simulation closed
launch_simulation
INFO: [Vivado 12-5682] Launching behavioral simulation in 'D:/gyx_uni/2_spring/cod/lab/lab2/lab2_2/lab2_2.sim/sim_1/behav/xsim'
INFO: [SIM-utils-51] Simulation object is 'sim_1'
INFO: [SIM-utils-54] Inspecting design source files for 'DIV_tb' in fileset 'sim_1'...
INFO: [USF-XSim-97] Finding global include files...
INFO: [USF-XSim-98] Fetching design files from 'sim_1'...
INFO: [USF-XSim-2] XSim::Compile design
INFO: [USF-XSim-61] Executing 'COMPILE and ANALYZE' step in 'D:/gyx_uni/2_spring/cod/lab/lab2/lab2_2/lab2_2.sim/sim_1/behav/xsim'
"xvlog --incr --relax -prj DIV_tb_vlog.prj"
INFO: [USF-XSim-69] 'compile' step finished in '1' seconds
INFO: [USF-XSim-3] XSim::Elaborate design
INFO: [USF-XSim-61] Executing 'ELABORATE' step in 'D:/gyx_uni/2_spring/cod/lab/lab2/lab2_2/lab2_2.sim/sim_1/behav/xsim'
Vivado Simulator 2018.2
Copyright 1986-1999, 2001-2018 Xilinx, Inc. All Rights Reserved.
Running: D:/xilinx/Vivado/2018.2/bin/unwrapped/win64.o/xelab.exe -wto 3faf1595319d46dc9978ab21d6ff0cce --incr --debug typical --relax --mt 2 -L xil_defaultlib -L unisims_ver -L unimacro_ver -L secureip --snapshot DIV_tb_behav xil_defaultlib.DIV_tb xil_defaultlib.glbl -log elaborate.log 
Using 2 slave threads.
Starting static elaboration
Completed static elaboration
INFO: [XSIM 43-4323] No Change in HDL. Linking previously generated obj files to create kernel
INFO: [USF-XSim-69] 'elaborate' step finished in '2' seconds
INFO: [USF-XSim-4] XSim::Simulate design
INFO: [USF-XSim-61] Executing 'SIMULATE' step in 'D:/gyx_uni/2_spring/cod/lab/lab2/lab2_2/lab2_2.sim/sim_1/behav/xsim'
INFO: [USF-XSim-98] *** Running xsim
   with args "DIV_tb_behav -key {Behavioral:sim_1:Functional:DIV_tb} -tclbatch {DIV_tb.tcl} -log {simulate.log}"
INFO: [USF-XSim-8] Loading simulator feature
Vivado Simulator 2018.2
Time resolution is 1 ps
source DIV_tb.tcl
# set curr_wave [current_wave_config]
# if { [string length $curr_wave] == 0 } {
#   if { [llength [get_objects]] > 0} {
#     add_wave /
#     set_property needs_save false [current_wave_config]
#   } else {
#      send_msg_id Add_Wave-1 WARNING "No top level signals found. Simulator will start without a wave window. If you want to open a wave window go to 'File->New Waveform Configuration' or type 'create_wave_config' in the TCL console."
#   }
# }
# run 60ns
INFO: [USF-XSim-96] XSim completed. Design snapshot 'DIV_tb_behav' loaded.
INFO: [USF-XSim-97] XSim simulation ran for 60ns
synth_design -rtl -name rtl_1
Command: synth_design -rtl -name rtl_1
Starting synth_design
Using part: xc7a100tcsg324-1
Top: DIV
---------------------------------------------------------------------------------
Starting RTL Elaboration : Time (s): cpu = 00:00:02 ; elapsed = 00:00:03 . Memory (MB): peak = 1015.387 ; gain = 86.113
---------------------------------------------------------------------------------
INFO: [Synth 8-6157] synthesizing module 'DIV' [D:/gyx_uni/2_spring/cod/lab/lab2/lab2_2/lab2_2.srcs/sources_1/new/DIV.v:23]
	Parameter WIDTH bound to: 4 - type: integer 
WARNING: [Synth 8-311] ignoring non-constant assignment in initial block [D:/gyx_uni/2_spring/cod/lab/lab2/lab2_2/lab2_2.srcs/sources_1/new/DIV.v:48]
WARNING: [Synth 8-5788] Register tmp_reg in module DIV is has both Set and reset with same priority. This may cause simulation mismatches. Consider rewriting code  [D:/gyx_uni/2_spring/cod/lab/lab2/lab2_2/lab2_2.srcs/sources_1/new/DIV.v:66]
WARNING: [Synth 8-5788] Register r_reg in module DIV is has both Set and reset with same priority. This may cause simulation mismatches. Consider rewriting code  [D:/gyx_uni/2_spring/cod/lab/lab2/lab2_2/lab2_2.srcs/sources_1/new/DIV.v:68]
INFO: [Synth 8-6155] done synthesizing module 'DIV' (1#1) [D:/gyx_uni/2_spring/cod/lab/lab2/lab2_2/lab2_2.srcs/sources_1/new/DIV.v:23]
---------------------------------------------------------------------------------
Finished RTL Elaboration : Time (s): cpu = 00:00:03 ; elapsed = 00:00:03 . Memory (MB): peak = 1056.379 ; gain = 127.105
---------------------------------------------------------------------------------

Report Check Netlist: 
+------+------------------+-------+---------+-------+------------------+
|      |Item              |Errors |Warnings |Status |Description       |
+------+------------------+-------+---------+-------+------------------+
|1     |multi_driven_nets |      0|        0|Passed |Multi driven nets |
+------+------------------+-------+---------+-------+------------------+
---------------------------------------------------------------------------------
Start Handling Custom Attributes
---------------------------------------------------------------------------------
---------------------------------------------------------------------------------
Finished Handling Custom Attributes : Time (s): cpu = 00:00:04 ; elapsed = 00:00:04 . Memory (MB): peak = 1056.379 ; gain = 127.105
---------------------------------------------------------------------------------
---------------------------------------------------------------------------------
Finished RTL Optimization Phase 1 : Time (s): cpu = 00:00:04 ; elapsed = 00:00:04 . Memory (MB): peak = 1056.379 ; gain = 127.105
---------------------------------------------------------------------------------
INFO: [Device 21-403] Loading part xc7a100tcsg324-1
INFO: [Project 1-570] Preparing netlist for logic optimization

Processing XDC Constraints
Initializing timing engine
Parsing XDC File [D:/gyx_uni/2_spring/cod/lab/lab2/lab2_2/lab2_2.srcs/constrs_1/new/nexys4.xdc]
Finished Parsing XDC File [D:/gyx_uni/2_spring/cod/lab/lab2/lab2_2/lab2_2.srcs/constrs_1/new/nexys4.xdc]
Completed Processing XDC Constraints

INFO: [Opt 31-138] Pushed 0 inverter(s) to 0 load pin(s).
INFO: [Project 1-111] Unisim Transformation Summary:
No Unisim elements were transformed.

RTL Elaboration Complete:  : Time (s): cpu = 00:00:15 ; elapsed = 00:00:15 . Memory (MB): peak = 1398.082 ; gain = 468.809
6 Infos, 3 Warnings, 0 Critical Warnings and 0 Errors encountered.
synth_design completed successfully
synth_design: Time (s): cpu = 00:00:15 ; elapsed = 00:00:15 . Memory (MB): peak = 1398.082 ; gain = 468.809
write_schematic -format pdf -orientation portrait C:/Users/65767/Desktop/schematic.pdf
C:/Users/65767/Desktop/schematic.pdf
close_sim
INFO: [Simtcl 6-16] Simulation closed
exit
INFO: [Common 17-206] Exiting Vivado at Thu Mar 28 16:46:33 2019...
