INFO: [VRFC 10-2263] Analyzing Verilog file "D:/gyx_uni/2_spring/cod/lab/lab6/lab6/lab6.srcs/sources_1/ip/MEM/sim/MEM.v" into library xil_defaultlib
INFO: [VRFC 10-311] analyzing module MEM
INFO: [VRFC 10-2263] Analyzing Verilog file "D:/gyx_uni/2_spring/cod/lab/lab6/lab6/lab6.srcs/sources_1/ip/clk_wiz_0/clk_wiz_0_sim_netlist.v" into library xil_defaultlib
INFO: [VRFC 10-311] analyzing module clk_wiz_0
INFO: [VRFC 10-311] analyzing module clk_wiz_0_clk_wiz_0_clk_wiz
INFO: [VRFC 10-311] analyzing module glbl
INFO: [VRFC 10-2263] Analyzing Verilog file "D:/gyx_uni/2_spring/cod/lab/lab6/lab6/lab6.srcs/sources_1/new/ALU.v" into library xil_defaultlib
INFO: [VRFC 10-311] analyzing module ALU
INFO: [VRFC 10-2263] Analyzing Verilog file "D:/gyx_uni/2_spring/cod/lab/lab6/lab6/lab6.srcs/sources_1/new/Control_Unit.v" into library xil_defaultlib
INFO: [VRFC 10-311] analyzing module Control_Unit
INFO: [VRFC 10-2263] Analyzing Verilog file "D:/gyx_uni/2_spring/cod/lab/lab6/lab6/lab6.srcs/sources_1/new/Mux_2.v" into library xil_defaultlib
INFO: [VRFC 10-311] analyzing module Mux_2
INFO: [VRFC 10-2263] Analyzing Verilog file "D:/gyx_uni/2_spring/cod/lab/lab6/lab6/lab6.srcs/sources_1/new/Mux_2_5bits.v" into library xil_defaultlib
INFO: [VRFC 10-311] analyzing module Mux_2_5bits
INFO: [VRFC 10-2263] Analyzing Verilog file "D:/gyx_uni/2_spring/cod/lab/lab6/lab6/lab6.srcs/sources_1/new/Mux_4.v" into library xil_defaultlib
INFO: [VRFC 10-311] analyzing module Mux_4
INFO: [VRFC 10-2263] Analyzing Verilog file "D:/gyx_uni/2_spring/cod/lab/lab6/lab6/lab6.srcs/sources_1/new/Reg_File.v" into library xil_defaultlib
INFO: [VRFC 10-311] analyzing module Reg_File
INFO: [VRFC 10-2263] Analyzing Verilog file "D:/gyx_uni/2_spring/cod/lab/lab6/lab6/lab6.srcs/sources_1/new/Register.v" into library xil_defaultlib
INFO: [VRFC 10-311] analyzing module Register
INFO: [VRFC 10-2263] Analyzing Verilog file "D:/gyx_uni/2_spring/cod/lab/lab6/lab6/lab6.srcs/sources_1/new/SignExtend_Unit.v" into library xil_defaultlib
INFO: [VRFC 10-311] analyzing module SignExtend_Unit
INFO: [VRFC 10-2263] Analyzing Verilog file "D:/gyx_uni/2_spring/cod/lab/lab6/lab6/lab6.srcs/sources_1/new/State_Machine.v" into library xil_defaultlib
INFO: [VRFC 10-311] analyzing module State_Machine
INFO: [VRFC 10-2263] Analyzing Verilog file "D:/gyx_uni/2_spring/cod/lab/lab6/lab6/lab6.srcs/sources_1/new/CPU.v" into library xil_defaultlib
INFO: [VRFC 10-311] analyzing module CPU
INFO: [VRFC 10-2263] Analyzing Verilog file "D:/gyx_uni/2_spring/cod/lab/lab6/lab6/lab6.srcs/sources_1/new/DDU.v" into library xil_defaultlib
INFO: [VRFC 10-311] analyzing module DDU
INFO: [VRFC 10-2263] Analyzing Verilog file "D:/gyx_uni/2_spring/cod/lab/lab6/lab6/lab6.srcs/sources_1/new/bcd_decoder.v" into library xil_defaultlib
INFO: [VRFC 10-311] analyzing module bcd_decoder
INFO: [VRFC 10-2263] Analyzing Verilog file "D:/gyx_uni/2_spring/cod/lab/lab6/lab6/lab6.srcs/sources_1/new/clock_500hz.v" into library xil_defaultlib
INFO: [VRFC 10-311] analyzing module clock_500hz
INFO: [VRFC 10-2263] Analyzing Verilog file "D:/gyx_uni/2_spring/cod/lab/lab6/lab6/lab6.srcs/sources_1/new/clock_5hz.v" into library xil_defaultlib
INFO: [VRFC 10-311] analyzing module clock_5hz
INFO: [VRFC 10-2263] Analyzing Verilog file "D:/gyx_uni/2_spring/cod/lab/lab6/lab6/lab6.srcs/sources_1/new/TOP.v" into library xil_defaultlib
INFO: [VRFC 10-311] analyzing module TOP
INFO: [VRFC 10-2263] Analyzing Verilog file "D:/gyx_uni/2_spring/cod/lab/lab6/lab6/lab6.srcs/sources_1/new/Interrupt_Dst.v" into library xil_defaultlib
INFO: [VRFC 10-311] analyzing module Interrupt_Dst
INFO: [VRFC 10-2263] Analyzing Verilog file "D:/gyx_uni/2_spring/cod/lab/lab6/lab6/lab6.srcs/sources_1/new/Interrupt_Ctrl.v" into library xil_defaultlib
INFO: [VRFC 10-311] analyzing module Interrupt_Ctrl
INFO: [VRFC 10-2263] Analyzing Verilog file "D:/gyx_uni/2_spring/cod/lab/lab6/lab6/lab6.srcs/sources_1/new/Interrupt_flag.v" into library xil_defaultlib
INFO: [VRFC 10-311] analyzing module Interrupt_flag
INFO: [VRFC 10-2263] Analyzing Verilog file "D:/gyx_uni/2_spring/cod/lab/lab6/lab6/lab6.srcs/sources_1/new/Evaluate_Interrupt.v" into library xil_defaultlib
INFO: [VRFC 10-311] analyzing module Evaluate_Interrupt
INFO: [VRFC 10-2263] Analyzing Verilog file "D:/gyx_uni/2_spring/cod/lab/lab6/lab6/lab6.srcs/sources_1/new/clock_50khz.v" into library xil_defaultlib
INFO: [VRFC 10-311] analyzing module clock_50khz
INFO: [VRFC 10-2263] Analyzing Verilog file "D:/gyx_uni/2_spring/cod/lab/lab6/lab6/lab6.srcs/sources_1/new/LED_Display.v" into library xil_defaultlib
INFO: [VRFC 10-311] analyzing module LED_Display
INFO: [VRFC 10-2263] Analyzing Verilog file "D:/gyx_uni/2_spring/cod/lab/lab6/lab6/lab6.srcs/sources_1/new/LED_Ctrl.v" into library xil_defaultlib
INFO: [VRFC 10-311] analyzing module LED_Ctrl
INFO: [VRFC 10-2263] Analyzing Verilog file "D:/gyx_uni/2_spring/cod/lab/lab6/lab6/lab6.srcs/sources_1/new/LED_driver.v" into library xil_defaultlib
INFO: [VRFC 10-311] analyzing module LED_driver
INFO: [VRFC 10-2263] Analyzing Verilog file "D:/gyx_uni/2_spring/cod/lab/lab6/lab6/lab6.srcs/sources_1/new/Score_Ctrl.v" into library xil_defaultlib
INFO: [VRFC 10-311] analyzing module Score_Ctrl
INFO: [VRFC 10-2263] Analyzing Verilog file "D:/gyx_uni/2_spring/cod/lab/lab6/lab6/lab6.srcs/sources_1/new/Score_Driver.v" into library xil_defaultlib
INFO: [VRFC 10-311] analyzing module Score_Driver
INFO: [VRFC 10-2263] Analyzing Verilog file "D:/gyx_uni/2_spring/cod/lab/lab6/lab6/lab6.srcs/sources_1/new/Data_Distributor.v" into library xil_defaultlib
INFO: [VRFC 10-311] analyzing module Data_Distributor
INFO: [VRFC 10-2263] Analyzing Verilog file "D:/gyx_uni/2_spring/cod/lab/lab6/lab6/lab6.srcs/sources_1/new/Addr_Mux.v" into library xil_defaultlib
INFO: [VRFC 10-311] analyzing module Addr_Mux
INFO: [VRFC 10-2263] Analyzing Verilog file "D:/gyx_uni/2_spring/cod/lab/lab6/lab6/lab6.srcs/sources_1/new/Input_Ctrl.v" into library xil_defaultlib
INFO: [VRFC 10-311] analyzing module Input_Ctrl
INFO: [VRFC 10-2263] Analyzing Verilog file "D:/gyx_uni/2_spring/cod/lab/lab6/lab6/lab6.srcs/sources_1/new/Input_Driver.v" into library xil_defaultlib
INFO: [VRFC 10-311] analyzing module Input_Driver
INFO: [VRFC 10-2263] Analyzing Verilog file "D:/gyx_uni/2_spring/cod/lab/lab6/lab6/lab6.srcs/sim_1/new/Input_Ctrl_tb.v" into library xil_defaultlib
INFO: [VRFC 10-311] analyzing module Input_Ctrl_tb
