#-----------------------------------------------------------
# Vivado v2018.2 (64-bit)
# SW Build 2258646 on Thu Jun 14 20:03:12 MDT 2018
# IP Build 2256618 on Thu Jun 14 22:10:49 MDT 2018
# Start of session at: Wed Mar 20 20:11:26 2019
# Process ID: 14244
# Current directory: D:/gyx_uni/2_spring/cod/lab/lab1/lab1_2
# Command line: vivado.exe -gui_launcher_event rodinguilauncherevent7288 D:\gyx_uni\2_spring\cod\lab\lab1\lab1_2\lab1_2.xpr
# Log file: D:/gyx_uni/2_spring/cod/lab/lab1/lab1_2/vivado.log
# Journal file: D:/gyx_uni/2_spring/cod/lab/lab1/lab1_2\vivado.jou
#-----------------------------------------------------------
start_gui
open_project D:/gyx_uni/2_spring/cod/lab/lab1/lab1_2/lab1_2.xpr
Scanning sources...
Finished scanning sources
INFO: [IP_Flow 19-234] Refreshing IP repositories
INFO: [IP_Flow 19-1704] No user IP repositories specified
INFO: [IP_Flow 19-2313] Loaded Vivado IP repository 'D:/xilinx/Vivado/2018.2/data/ip'.
open_project: Time (s): cpu = 00:00:11 ; elapsed = 00:00:05 . Memory (MB): peak = 849.914 ; gain = 111.293
update_compile_order -fileset sources_1
exit
INFO: [Common 17-206] Exiting Vivado at Wed Mar 20 20:11:54 2019...
