#-----------------------------------------------------------
# Vivado v2018.2 (64-bit)
# SW Build 2258646 on Thu Jun 14 20:03:12 MDT 2018
# IP Build 2256618 on Thu Jun 14 22:10:49 MDT 2018
# Start of session at: Thu Mar 28 15:10:29 2019
# Process ID: 7704
# Current directory: D:/gyx_uni/2_spring/cod/lab/lab2/lab2_1
# Command line: vivado.exe -gui_launcher_event rodinguilauncherevent11112 D:\gyx_uni\2_spring\cod\lab\lab2\lab2_1\lab2_1.xpr
# Log file: D:/gyx_uni/2_spring/cod/lab/lab2/lab2_1/vivado.log
# Journal file: D:/gyx_uni/2_spring/cod/lab/lab2/lab2_1\vivado.jou
#-----------------------------------------------------------
start_gui
open_project D:/gyx_uni/2_spring/cod/lab/lab2/lab2_1/lab2_1.xpr
Scanning sources...
Finished scanning sources
INFO: [IP_Flow 19-234] Refreshing IP repositories
INFO: [IP_Flow 19-1704] No user IP repositories specified
INFO: [IP_Flow 19-2313] Loaded Vivado IP repository 'D:/xilinx/Vivado/2018.2/data/ip'.
open_project: Time (s): cpu = 00:00:11 ; elapsed = 00:00:06 . Memory (MB): peak = 754.801 ; gain = 108.867
update_compile_order -fileset sources_1
launch_simulation
INFO: [Vivado 12-5682] Launching behavioral simulation in 'D:/gyx_uni/2_spring/cod/lab/lab2/lab2_1/lab2_1.sim/sim_1/behav/xsim'
INFO: [SIM-utils-51] Simulation object is 'sim_1'
INFO: [SIM-utils-54] Inspecting design source files for 'CU_tb' in fileset 'sim_1'...
INFO: [USF-XSim-97] Finding global include files...
INFO: [USF-XSim-98] Fetching design files from 'sim_1'...
INFO: [USF-XSim-2] XSim::Compile design
INFO: [USF-XSim-61] Executing 'COMPILE and ANALYZE' step in 'D:/gyx_uni/2_spring/cod/lab/lab2/lab2_1/lab2_1.sim/sim_1/behav/xsim'
"xvlog --incr --relax -prj CU_tb_vlog.prj"
INFO: [USF-XSim-69] 'compile' step finished in '2' seconds
INFO: [USF-XSim-3] XSim::Elaborate design
INFO: [USF-XSim-61] Executing 'ELABORATE' step in 'D:/gyx_uni/2_spring/cod/lab/lab2/lab2_1/lab2_1.sim/sim_1/behav/xsim'
Vivado Simulator 2018.2
Copyright 1986-1999, 2001-2018 Xilinx, Inc. All Rights Reserved.
Running: D:/xilinx/Vivado/2018.2/bin/unwrapped/win64.o/xelab.exe -wto 1c0024c31aaa48a09656da345ecfb235 --incr --debug typical --relax --mt 2 -L xil_defaultlib -L unisims_ver -L unimacro_ver -L secureip --snapshot CU_tb_behav xil_defaultlib.CU_tb xil_defaultlib.glbl -log elaborate.log 
Using 2 slave threads.
Starting static elaboration
Completed static elaboration
INFO: [XSIM 43-4323] No Change in HDL. Linking previously generated obj files to create kernel
INFO: [USF-XSim-69] 'elaborate' step finished in '2' seconds
INFO: [USF-XSim-4] XSim::Simulate design
INFO: [USF-XSim-61] Executing 'SIMULATE' step in 'D:/gyx_uni/2_spring/cod/lab/lab2/lab2_1/lab2_1.sim/sim_1/behav/xsim'
INFO: [USF-XSim-98] *** Running xsim
   with args "CU_tb_behav -key {Behavioral:sim_1:Functional:CU_tb} -tclbatch {CU_tb.tcl} -log {simulate.log}"
INFO: [USF-XSim-8] Loading simulator feature
Vivado Simulator 2018.2
Time resolution is 1 ps
source CU_tb.tcl
# set curr_wave [current_wave_config]
# if { [string length $curr_wave] == 0 } {
#   if { [llength [get_objects]] > 0} {
#     add_wave /
#     set_property needs_save false [current_wave_config]
#   } else {
#      send_msg_id Add_Wave-1 WARNING "No top level signals found. Simulator will start without a wave window. If you want to open a wave window go to 'File->New Waveform Configuration' or type 'create_wave_config' in the TCL console."
#   }
# }
# run 100ns
INFO: [USF-XSim-96] XSim completed. Design snapshot 'CU_tb_behav' loaded.
INFO: [USF-XSim-97] XSim simulation ran for 100ns
launch_simulation: Time (s): cpu = 00:00:05 ; elapsed = 00:00:06 . Memory (MB): peak = 785.461 ; gain = 9.863
close_sim
INFO: [Simtcl 6-16] Simulation closed
launch_simulation
INFO: [Vivado 12-5682] Launching behavioral simulation in 'D:/gyx_uni/2_spring/cod/lab/lab2/lab2_1/lab2_1.sim/sim_1/behav/xsim'
INFO: [SIM-utils-51] Simulation object is 'sim_1'
INFO: [SIM-utils-54] Inspecting design source files for 'CU_tb' in fileset 'sim_1'...
INFO: [USF-XSim-97] Finding global include files...
INFO: [USF-XSim-98] Fetching design files from 'sim_1'...
INFO: [USF-XSim-2] XSim::Compile design
INFO: [USF-XSim-61] Executing 'COMPILE and ANALYZE' step in 'D:/gyx_uni/2_spring/cod/lab/lab2/lab2_1/lab2_1.sim/sim_1/behav/xsim'
"xvlog --incr --relax -prj CU_tb_vlog.prj"
INFO: [USF-XSim-69] 'compile' step finished in '2' seconds
INFO: [USF-XSim-3] XSim::Elaborate design
INFO: [USF-XSim-61] Executing 'ELABORATE' step in 'D:/gyx_uni/2_spring/cod/lab/lab2/lab2_1/lab2_1.sim/sim_1/behav/xsim'
Vivado Simulator 2018.2
Copyright 1986-1999, 2001-2018 Xilinx, Inc. All Rights Reserved.
Running: D:/xilinx/Vivado/2018.2/bin/unwrapped/win64.o/xelab.exe -wto 1c0024c31aaa48a09656da345ecfb235 --incr --debug typical --relax --mt 2 -L xil_defaultlib -L unisims_ver -L unimacro_ver -L secureip --snapshot CU_tb_behav xil_defaultlib.CU_tb xil_defaultlib.glbl -log elaborate.log 
Using 2 slave threads.
Starting static elaboration
Completed static elaboration
INFO: [XSIM 43-4323] No Change in HDL. Linking previously generated obj files to create kernel
INFO: [USF-XSim-69] 'elaborate' step finished in '1' seconds
INFO: [USF-XSim-4] XSim::Simulate design
INFO: [USF-XSim-61] Executing 'SIMULATE' step in 'D:/gyx_uni/2_spring/cod/lab/lab2/lab2_1/lab2_1.sim/sim_1/behav/xsim'
INFO: [USF-XSim-98] *** Running xsim
   with args "CU_tb_behav -key {Behavioral:sim_1:Functional:CU_tb} -tclbatch {CU_tb.tcl} -log {simulate.log}"
INFO: [USF-XSim-8] Loading simulator feature
Vivado Simulator 2018.2
Time resolution is 1 ps
source CU_tb.tcl
# set curr_wave [current_wave_config]
# if { [string length $curr_wave] == 0 } {
#   if { [llength [get_objects]] > 0} {
#     add_wave /
#     set_property needs_save false [current_wave_config]
#   } else {
#      send_msg_id Add_Wave-1 WARNING "No top level signals found. Simulator will start without a wave window. If you want to open a wave window go to 'File->New Waveform Configuration' or type 'create_wave_config' in the TCL console."
#   }
# }
# run 100ns
INFO: [USF-XSim-96] XSim completed. Design snapshot 'CU_tb_behav' loaded.
INFO: [USF-XSim-97] XSim simulation ran for 100ns
close_sim
INFO: [Simtcl 6-16] Simulation closed
synth_design -rtl -name rtl_1
Command: synth_design -rtl -name rtl_1
Starting synth_design
Using part: xc7a100tcsg324-1
Top: CU
---------------------------------------------------------------------------------
Starting RTL Elaboration : Time (s): cpu = 00:00:02 ; elapsed = 00:00:03 . Memory (MB): peak = 923.086 ; gain = 110.793
---------------------------------------------------------------------------------
INFO: [Synth 8-6157] synthesizing module 'CU' [D:/gyx_uni/2_spring/cod/lab/lab2/lab2_1/lab2_1.srcs/sources_1/new/CU.v:23]
	Parameter WIDTH bound to: 4 - type: integer 
WARNING: [Synth 8-6014] Unused sequential element tmp_reg was removed.  [D:/gyx_uni/2_spring/cod/lab/lab2/lab2_1/lab2_1.srcs/sources_1/new/CU.v:73]
WARNING: [Synth 8-5788] Register s0_reg in module CU is has both Set and reset with same priority. This may cause simulation mismatches. Consider rewriting code  [D:/gyx_uni/2_spring/cod/lab/lab2/lab2_1/lab2_1.srcs/sources_1/new/CU.v:61]
WARNING: [Synth 8-5788] Register s1_reg in module CU is has both Set and reset with same priority. This may cause simulation mismatches. Consider rewriting code  [D:/gyx_uni/2_spring/cod/lab/lab2/lab2_1/lab2_1.srcs/sources_1/new/CU.v:62]
WARNING: [Synth 8-5788] Register s2_reg in module CU is has both Set and reset with same priority. This may cause simulation mismatches. Consider rewriting code  [D:/gyx_uni/2_spring/cod/lab/lab2/lab2_1/lab2_1.srcs/sources_1/new/CU.v:63]
WARNING: [Synth 8-5788] Register s3_reg in module CU is has both Set and reset with same priority. This may cause simulation mismatches. Consider rewriting code  [D:/gyx_uni/2_spring/cod/lab/lab2/lab2_1/lab2_1.srcs/sources_1/new/CU.v:64]
INFO: [Synth 8-6155] done synthesizing module 'CU' (1#1) [D:/gyx_uni/2_spring/cod/lab/lab2/lab2_1/lab2_1.srcs/sources_1/new/CU.v:23]
---------------------------------------------------------------------------------
Finished RTL Elaboration : Time (s): cpu = 00:00:03 ; elapsed = 00:00:03 . Memory (MB): peak = 964.809 ; gain = 152.516
---------------------------------------------------------------------------------

Report Check Netlist: 
+------+------------------+-------+---------+-------+------------------+
|      |Item              |Errors |Warnings |Status |Description       |
+------+------------------+-------+---------+-------+------------------+
|1     |multi_driven_nets |      0|        0|Passed |Multi driven nets |
+------+------------------+-------+---------+-------+------------------+
---------------------------------------------------------------------------------
Start Handling Custom Attributes
---------------------------------------------------------------------------------
---------------------------------------------------------------------------------
Finished Handling Custom Attributes : Time (s): cpu = 00:00:03 ; elapsed = 00:00:03 . Memory (MB): peak = 964.809 ; gain = 152.516
---------------------------------------------------------------------------------
---------------------------------------------------------------------------------
Finished RTL Optimization Phase 1 : Time (s): cpu = 00:00:03 ; elapsed = 00:00:03 . Memory (MB): peak = 964.809 ; gain = 152.516
---------------------------------------------------------------------------------
INFO: [Device 21-403] Loading part xc7a100tcsg324-1
INFO: [Project 1-570] Preparing netlist for logic optimization

Processing XDC Constraints
Initializing timing engine
Parsing XDC File [D:/gyx_uni/2_spring/cod/lab/lab2/lab2_1/lab2_1.srcs/constrs_1/new/nexys4.xdc]
Finished Parsing XDC File [D:/gyx_uni/2_spring/cod/lab/lab2/lab2_1/lab2_1.srcs/constrs_1/new/nexys4.xdc]
Completed Processing XDC Constraints

INFO: [Opt 31-138] Pushed 0 inverter(s) to 0 load pin(s).
INFO: [Project 1-111] Unisim Transformation Summary:
No Unisim elements were transformed.

RTL Elaboration Complete:  : Time (s): cpu = 00:00:17 ; elapsed = 00:00:14 . Memory (MB): peak = 1305.652 ; gain = 494.422
6 Infos, 5 Warnings, 0 Critical Warnings and 0 Errors encountered.
synth_design completed successfully
synth_design: Time (s): cpu = 00:00:17 ; elapsed = 00:00:15 . Memory (MB): peak = 1306.715 ; gain = 494.422
write_schematic -format pdf -orientation portrait C:/Users/65767/Desktop/schematic.pdf
C:/Users/65767/Desktop/schematic.pdf
exit
INFO: [Common 17-206] Exiting Vivado at Thu Mar 28 16:53:41 2019...
