Copyright 1986-2018 Xilinx, Inc. All Rights Reserved.
-------------------------------------------------------------------------------------
| Tool Version : Vivado v.2018.2 (win64) Build 2258646 Thu Jun 14 20:03:12 MDT 2018
| Date         : Wed Apr  3 20:13:19 2019
| Host         : DESKTOP-BKSDDJC running 64-bit major release  (build 9200)
| Command      : report_control_sets -verbose -file Reg_File_control_sets_placed.rpt
| Design       : Reg_File
| Device       : xc7a100t
-------------------------------------------------------------------------------------

Control Set Information

Table of Contents
-----------------
1. Summary
2. Histogram
3. Flip-Flop Distribution
4. Detailed Control Set Information

1. Summary
----------

+----------------------------------------------------------+-------+
|                          Status                          | Count |
+----------------------------------------------------------+-------+
| Number of unique control sets                            |     8 |
| Unused register locations in slices containing registers |     0 |
+----------------------------------------------------------+-------+


2. Histogram
------------

+--------+--------------+
| Fanout | Control Sets |
+--------+--------------+
|      8 |            8 |
+--------+--------------+


3. Flip-Flop Distribution
-------------------------

+--------------+-----------------------+------------------------+-----------------+--------------+
| Clock Enable | Synchronous Set/Reset | Asynchronous Set/Reset | Total Registers | Total Slices |
+--------------+-----------------------+------------------------+-----------------+--------------+
| No           | No                    | No                     |               0 |            0 |
| No           | No                    | Yes                    |               0 |            0 |
| No           | Yes                   | No                     |               0 |            0 |
| Yes          | No                    | No                     |               0 |            0 |
| Yes          | No                    | Yes                    |              64 |           16 |
| Yes          | Yes                   | No                     |               0 |            0 |
+--------------+-----------------------+------------------------+-----------------+--------------+


4. Detailed Control Set Information
-----------------------------------

+----------------+------------------------+------------------+------------------+----------------+
|  Clock Signal  |      Enable Signal     | Set/Reset Signal | Slice Load Count | Bel Load Count |
+----------------+------------------------+------------------+------------------+----------------+
|  clk_IBUF_BUFG | reg_file               | rst_IBUF         |                1 |              8 |
|  clk_IBUF_BUFG | reg_file[0][3]_i_1_n_0 | rst_IBUF         |                2 |              8 |
|  clk_IBUF_BUFG | reg_file[2][3]_i_1_n_0 | rst_IBUF         |                3 |              8 |
|  clk_IBUF_BUFG | reg_file[3][3]_i_1_n_0 | rst_IBUF         |                2 |              8 |
|  clk_IBUF_BUFG | reg_file[5][3]_i_1_n_0 | rst_IBUF         |                2 |              8 |
|  clk_IBUF_BUFG | reg_file[4][3]_i_1_n_0 | rst_IBUF         |                2 |              8 |
|  clk_IBUF_BUFG | reg_file[1][3]_i_1_n_0 | rst_IBUF         |                2 |              8 |
|  clk_IBUF_BUFG | reg_file[6][3]_i_1_n_0 | rst_IBUF         |                2 |              8 |
+----------------+------------------------+------------------+------------------+----------------+


