#-----------------------------------------------------------
# Vivado v2018.2 (64-bit)
# SW Build 2258646 on Thu Jun 14 20:03:12 MDT 2018
# IP Build 2256618 on Thu Jun 14 22:10:49 MDT 2018
# Start of session at: Thu Mar 28 16:55:37 2019
# Process ID: 9112
# Current directory: D:/gyx_uni/2_spring/cod/lab/lab1/lab1_3_3
# Command line: vivado.exe -gui_launcher_event rodinguilauncherevent13032 D:\gyx_uni\2_spring\cod\lab\lab1\lab1_3_3\lab1_3_3.xpr
# Log file: D:/gyx_uni/2_spring/cod/lab/lab1/lab1_3_3/vivado.log
# Journal file: D:/gyx_uni/2_spring/cod/lab/lab1/lab1_3_3\vivado.jou
#-----------------------------------------------------------
start_gui
open_project D:/gyx_uni/2_spring/cod/lab/lab1/lab1_3_3/lab1_3_3.xpr
Scanning sources...
Finished scanning sources
INFO: [IP_Flow 19-234] Refreshing IP repositories
INFO: [IP_Flow 19-1704] No user IP repositories specified
INFO: [IP_Flow 19-2313] Loaded Vivado IP repository 'D:/xilinx/Vivado/2018.2/data/ip'.
update_compile_order -fileset sources_1
exit
INFO: [Common 17-206] Exiting Vivado at Thu Mar 28 16:56:42 2019...
